<?xml version="1.0" encoding="UTF-8"?>
<!-- Generated by org.testng.reporters.JUnitReportReporter -->
<testsuite name="com.ajioweb.test.VerifyBrandFilter" tests="1" time="46.160" ignored="0" failures="0" timestamp="24 Jan 2018 09:45:27 GMT" skipped="0" hostname="ICPL11500" errors="0">
  <testcase name="verifySortedbyDiscount" time="46.160" classname="com.ajioweb.test.VerifyBrandFilter"/>
</testsuite> <!-- com.ajioweb.test.VerifyBrandFilter -->
