<?xml version="1.0" encoding="UTF-8"?>
<!-- Generated by org.testng.reporters.JUnitReportReporter -->
<testsuite name="com.qmetry.qaf.automation.step.client.DataDrivenScenario" tests="5" time="112.345" ignored="1" failures="0" timestamp="22 Jan 2018 08:03:44 GMT" skipped="0" hostname="ICPL11500" errors="2">
  <testcase name="AddProductToCart" time="20.658" classname="com.qmetry.qaf.automation.step.client.DataDrivenScenario"/>
  <testcase name="AddProductToCart" time="41.708" classname="com.qmetry.qaf.automation.step.client.DataDrivenScenario">
    <error/>
  </testcase> <!-- AddProductToCart -->
  <testcase name="AddProductToCart" time="20.902" classname="com.qmetry.qaf.automation.step.client.DataDrivenScenario"/>
  <testcase name="AddProductToCart" time="20.828" classname="com.qmetry.qaf.automation.step.client.DataDrivenScenario"/>
  <testcase name="AddProductToCart" time="8.249" classname="com.qmetry.qaf.automation.step.client.DataDrivenScenario">
    <error type="java.lang.NumberFormatException" message="For input string: &quot;4,999&quot;">
      <![CDATA[java.lang.NumberFormatException: For input string: "4,999"
	at .And user verifies the product list is sorted or not(scenarios/AjioAddToCart.bdd:12)
	at java.lang.NumberFormatException.forInputString(NumberFormatException.java:65)
	at java.lang.Integer.parseInt(Integer.java:580)
	at java.lang.Integer.parseInt(Integer.java:615)
	at com.ajioweb.pages.SearchresultTestPage.verifySortedByPriceLowToHigh(SearchresultTestPage.java:92)
	at com.ajioweb.StepsBackLog.userVerifiesTheProductListIsSortedOrNot(StepsBackLog.java:42)
	at com.qmetry.qaf.automation.step.JavaStep.doExecute(JavaStep.java:160)
	at com.qmetry.qaf.automation.step.BaseTestStep.execute(BaseTestStep.java:149)
	at com.qmetry.qaf.automation.step.StringTestStep.execute(StringTestStep.java:134)
	at com.qmetry.qaf.automation.step.client.Scenario.execute(Scenario.java:167)
	at com.qmetry.qaf.automation.step.client.DataDrivenScenario.scenario(DataDrivenScenario.java:95)
]]>
    </error>
  </testcase> <!-- AddProductToCart -->
  <testcase name="AddProductToCart" classname="com.qmetry.qaf.automation.step.client.DataDrivenScenario">
    <skipped/>
  </testcase> <!-- AddProductToCart -->
</testsuite> <!-- com.qmetry.qaf.automation.step.client.DataDrivenScenario -->
