<?xml version="1.0" encoding="UTF-8"?>
<!-- Generated by org.testng.reporters.JUnitReportReporter -->
<testsuite name="com.ajioweb.test.VerifySortedByDiscount" tests="1" time="59.048" ignored="0" failures="0" timestamp="24 Jan 2018 08:12:29 GMT" skipped="0" hostname="ICPL11500" errors="0">
  <testcase name="verifySortedbyDiscount" time="59.048" classname="com.ajioweb.test.VerifySortedByDiscount"/>
</testsuite> <!-- com.ajioweb.test.VerifySortedByDiscount -->
