<?xml version="1.0" encoding="UTF-8"?>
<!-- Generated by org.testng.reporters.JUnitReportReporter -->
<testsuite name="com.ajioweb.test.TestFlipkartOrderVerification" tests="1" time="45.711" ignored="0" failures="0" timestamp="22 Jan 2018 07:15:03 GMT" skipped="0" hostname="ICPL11500" errors="0">
  <testcase name="verifyFlipkartOrder" time="45.711" classname="com.ajioweb.test.TestFlipkartOrderVerification"/>
</testsuite> <!-- com.ajioweb.test.TestFlipkartOrderVerification -->
